[33mWARNING[0m:  [12-03-2026 12:13:52] chroma_server_nofile is set to 65535, but this is less than current soft limit of 1048575. chroma_server_nofile will not be set.
[32mINFO[0m:     [12-03-2026 12:13:52] Anonymized telemetry enabled. See                     https://docs.trychroma.com/telemetry for more information.
[36mDEBUG[0m:    [12-03-2026 12:13:52] Starting component System
[36mDEBUG[0m:    [12-03-2026 12:13:52] Starting component OpenTelemetryClient
[36mDEBUG[0m:    [12-03-2026 12:13:52] Starting component SqliteDB
[36mDEBUG[0m:    [12-03-2026 12:13:52] Starting component SimpleQuotaEnforcer
[36mDEBUG[0m:    [12-03-2026 12:13:52] Starting component Posthog
[36mDEBUG[0m:    [12-03-2026 12:13:52] Starting component SimpleRateLimitEnforcer
[36mDEBUG[0m:    [12-03-2026 12:13:52] Starting component LocalSegmentManager
[36mDEBUG[0m:    [12-03-2026 12:13:52] Starting component LocalExecutor
[36mDEBUG[0m:    [12-03-2026 12:13:52] Starting component SegmentAPI
[36mDEBUG[0m:    [12-03-2026 12:13:52] Starting component SimpleAsyncRateLimitEnforcer
[32mINFO[0m:     [12-03-2026 12:13:52] Started server process [[36m88565[0m]
[32mINFO[0m:     [12-03-2026 12:13:52] Waiting for application startup.
[32mINFO[0m:     [12-03-2026 12:13:52] Application startup complete.
[32mINFO[0m:     [12-03-2026 12:13:52] Uvicorn running on [1mhttp://localhost:8000[0m (Press CTRL+C to quit)
[33mWARNING[0m:  [12-03-2026 18:50:09] chroma_server_nofile is set to 65535, but this is less than current soft limit of 1048575. chroma_server_nofile will not be set.
[32mINFO[0m:     [12-03-2026 18:50:09] Anonymized telemetry enabled. See                     https://docs.trychroma.com/telemetry for more information.
[36mDEBUG[0m:    [12-03-2026 18:50:09] Starting component System
[36mDEBUG[0m:    [12-03-2026 18:50:09] Starting component OpenTelemetryClient
[36mDEBUG[0m:    [12-03-2026 18:50:09] Starting component SqliteDB
[36mDEBUG[0m:    [12-03-2026 18:50:09] Starting component SimpleQuotaEnforcer
[36mDEBUG[0m:    [12-03-2026 18:50:09] Starting component Posthog
[36mDEBUG[0m:    [12-03-2026 18:50:09] Starting component SimpleRateLimitEnforcer
[36mDEBUG[0m:    [12-03-2026 18:50:09] Starting component LocalSegmentManager
[36mDEBUG[0m:    [12-03-2026 18:50:09] Starting component LocalExecutor
[36mDEBUG[0m:    [12-03-2026 18:50:09] Starting component SegmentAPI
[36mDEBUG[0m:    [12-03-2026 18:50:09] Starting component SimpleAsyncRateLimitEnforcer
[32mINFO[0m:     [12-03-2026 18:50:09] Started server process [[36m98886[0m]
[32mINFO[0m:     [12-03-2026 18:50:09] Waiting for application startup.
[32mINFO[0m:     [12-03-2026 18:50:09] Application startup complete.
[31mERROR[0m:    [12-03-2026 18:50:09] [Errno 48] error while attempting to bind on address ('::1', 8000, 0, 0): address already in use
[32mINFO[0m:     [12-03-2026 18:50:09] Waiting for application shutdown.
[36mDEBUG[0m:    [12-03-2026 18:50:09] Stopping component System
[36mDEBUG[0m:    [12-03-2026 18:50:09] Stopping component SegmentAPI
[36mDEBUG[0m:    [12-03-2026 18:50:09] Stopping component LocalExecutor
[36mDEBUG[0m:    [12-03-2026 18:50:09] Stopping component LocalSegmentManager
[36mDEBUG[0m:    [12-03-2026 18:50:09] Stopping component SimpleAsyncRateLimitEnforcer
[36mDEBUG[0m:    [12-03-2026 18:50:09] Stopping component SimpleRateLimitEnforcer
[36mDEBUG[0m:    [12-03-2026 18:50:09] Stopping component Posthog
[36mDEBUG[0m:    [12-03-2026 18:50:09] Stopping component SimpleQuotaEnforcer
[36mDEBUG[0m:    [12-03-2026 18:50:09] Stopping component SqliteDB
[36mDEBUG[0m:    [12-03-2026 18:50:09] Stopping component OpenTelemetryClient
[32mINFO[0m:     [12-03-2026 18:50:09] Application shutdown complete.
[32mINFO[0m:     [12-03-2026 18:50:19] Shutting down
[32mINFO[0m:     [12-03-2026 18:50:19] Waiting for application shutdown.
[36mDEBUG[0m:    [12-03-2026 18:50:19] Stopping component System
[36mDEBUG[0m:    [12-03-2026 18:50:19] Stopping component SegmentAPI
[36mDEBUG[0m:    [12-03-2026 18:50:19] Stopping component LocalExecutor
[36mDEBUG[0m:    [12-03-2026 18:50:19] Stopping component LocalSegmentManager
[36mDEBUG[0m:    [12-03-2026 18:50:19] Stopping component SimpleAsyncRateLimitEnforcer
[36mDEBUG[0m:    [12-03-2026 18:50:19] Stopping component SimpleRateLimitEnforcer
[36mDEBUG[0m:    [12-03-2026 18:50:19] Stopping component Posthog
[36mDEBUG[0m:    [12-03-2026 18:50:19] Stopping component SimpleQuotaEnforcer
[36mDEBUG[0m:    [12-03-2026 18:50:19] Stopping component SqliteDB
[36mDEBUG[0m:    [12-03-2026 18:50:19] Stopping component OpenTelemetryClient
[32mINFO[0m:     [12-03-2026 18:50:19] Application shutdown complete.
[32mINFO[0m:     [12-03-2026 18:50:19] Finished server process [[36m88565[0m]
[33mWARNING[0m:  [12-03-2026 18:50:28] chroma_server_nofile is set to 65535, but this is less than current soft limit of 1048575. chroma_server_nofile will not be set.
[32mINFO[0m:     [12-03-2026 18:50:28] Anonymized telemetry enabled. See                     https://docs.trychroma.com/telemetry for more information.
[36mDEBUG[0m:    [12-03-2026 18:50:28] Starting component System
[36mDEBUG[0m:    [12-03-2026 18:50:28] Starting component OpenTelemetryClient
[36mDEBUG[0m:    [12-03-2026 18:50:28] Starting component SqliteDB
[36mDEBUG[0m:    [12-03-2026 18:50:28] Starting component SimpleQuotaEnforcer
[36mDEBUG[0m:    [12-03-2026 18:50:28] Starting component Posthog
[36mDEBUG[0m:    [12-03-2026 18:50:28] Starting component SimpleRateLimitEnforcer
[36mDEBUG[0m:    [12-03-2026 18:50:28] Starting component LocalSegmentManager
[36mDEBUG[0m:    [12-03-2026 18:50:28] Starting component LocalExecutor
[36mDEBUG[0m:    [12-03-2026 18:50:28] Starting component SegmentAPI
[36mDEBUG[0m:    [12-03-2026 18:50:28] Starting component SimpleAsyncRateLimitEnforcer
[32mINFO[0m:     [12-03-2026 18:50:28] Started server process [[36m99153[0m]
[32mINFO[0m:     [12-03-2026 18:50:28] Waiting for application startup.
[32mINFO[0m:     [12-03-2026 18:50:28] Application startup complete.
[32mINFO[0m:     [12-03-2026 18:50:28] Uvicorn running on [1mhttp://localhost:8000[0m (Press CTRL+C to quit)
[31mERROR[0m:    [12-03-2026 19:00:36] '_type'
Traceback (most recent call last):
  File "/opt/anaconda3/lib/python3.12/site-packages/starlette/middleware/base.py", line 148, in call_next
    message = await recv_stream.receive()
              ^^^^^^^^^^^^^^^^^^^^^^^^^^^
  File "/opt/anaconda3/lib/python3.12/site-packages/anyio/streams/memory.py", line 126, in receive
    raise EndOfStream from None
anyio.EndOfStream

During handling of the above exception, another exception occurred:

Traceback (most recent call last):
  File "/opt/anaconda3/lib/python3.12/site-packages/chromadb/server/fastapi/__init__.py", line 120, in catch_exceptions_middleware
    return await call_next(request)
           ^^^^^^^^^^^^^^^^^^^^^^^^
  File "/opt/anaconda3/lib/python3.12/site-packages/starlette/middleware/base.py", line 154, in call_next
    raise app_exc
  File "/opt/anaconda3/lib/python3.12/site-packages/starlette/middleware/base.py", line 141, in coro
    await self.app(scope, receive_or_disconnect, send_no_error)
  File "/opt/anaconda3/lib/python3.12/site-packages/starlette/middleware/base.py", line 177, in __call__
    with recv_stream, send_stream, collapse_excgroups():
                                   ^^^^^^^^^^^^^^^^^^^^
  File "/opt/anaconda3/lib/python3.12/contextlib.py", line 158, in __exit__
    self.gen.throw(value)
  File "/opt/anaconda3/lib/python3.12/site-packages/starlette/_utils.py", line 82, in collapse_excgroups
    raise exc
  File "/opt/anaconda3/lib/python3.12/site-packages/starlette/middleware/base.py", line 179, in __call__
    response = await self.dispatch_func(request, call_next)
               ^^^^^^^^^^^^^^^^^^^^^^^^^^^^^^^^^^^^^^^^^^^^
  File "/opt/anaconda3/lib/python3.12/site-packages/chromadb/server/fastapi/__init__.py", line 144, in check_http_version_middleware
    return await call_next(request)
           ^^^^^^^^^^^^^^^^^^^^^^^^
  File "/opt/anaconda3/lib/python3.12/site-packages/starlette/middleware/base.py", line 154, in call_next
    raise app_exc
  File "/opt/anaconda3/lib/python3.12/site-packages/starlette/middleware/base.py", line 141, in coro
    await self.app(scope, receive_or_disconnect, send_no_error)
  File "/opt/anaconda3/lib/python3.12/site-packages/starlette/middleware/exceptions.py", line 62, in __call__
    await wrap_app_handling_exceptions(self.app, conn)(scope, receive, send)
  File "/opt/anaconda3/lib/python3.12/site-packages/starlette/_exception_handler.py", line 53, in wrapped_app
    raise exc
  File "/opt/anaconda3/lib/python3.12/site-packages/starlette/_exception_handler.py", line 42, in wrapped_app
    await app(scope, receive, sender)
  File "/opt/anaconda3/lib/python3.12/site-packages/starlette/routing.py", line 715, in __call__
    await self.middleware_stack(scope, receive, send)
  File "/opt/anaconda3/lib/python3.12/site-packages/starlette/routing.py", line 735, in app
    await route.handle(scope, receive, send)
  File "/opt/anaconda3/lib/python3.12/site-packages/starlette/routing.py", line 288, in handle
    await self.app(scope, receive, send)
  File "/opt/anaconda3/lib/python3.12/site-packages/starlette/routing.py", line 76, in app
    await wrap_app_handling_exceptions(app, request)(scope, receive, send)
  File "/opt/anaconda3/lib/python3.12/site-packages/starlette/_exception_handler.py", line 53, in wrapped_app
    raise exc
  File "/opt/anaconda3/lib/python3.12/site-packages/starlette/_exception_handler.py", line 42, in wrapped_app
    await app(scope, receive, sender)
  File "/opt/anaconda3/lib/python3.12/site-packages/starlette/routing.py", line 73, in app
    response = await f(request)
               ^^^^^^^^^^^^^^^^
  File "/opt/anaconda3/lib/python3.12/site-packages/fastapi/routing.py", line 301, in app
    raw_response = await run_endpoint_function(
                   ^^^^^^^^^^^^^^^^^^^^^^^^^^^^
  File "/opt/anaconda3/lib/python3.12/site-packages/fastapi/routing.py", line 212, in run_endpoint_function
    return await dependant.call(**values)
           ^^^^^^^^^^^^^^^^^^^^^^^^^^^^^^
  File "/opt/anaconda3/lib/python3.12/site-packages/chromadb/telemetry/opentelemetry/__init__.py", line 134, in async_wrapper
    return await f(*args, **kwargs)
           ^^^^^^^^^^^^^^^^^^^^^^^^
  File "/opt/anaconda3/lib/python3.12/site-packages/chromadb/server/fastapi/__init__.py", line 798, in create_collection
    await to_thread.run_sync(
  File "/opt/anaconda3/lib/python3.12/site-packages/anyio/to_thread.py", line 56, in run_sync
    return await get_async_backend().run_sync_in_worker_thread(
           ^^^^^^^^^^^^^^^^^^^^^^^^^^^^^^^^^^^^^^^^^^^^^^^^^^^^
  File "/opt/anaconda3/lib/python3.12/site-packages/anyio/_backends/_asyncio.py", line 2470, in run_sync_in_worker_thread
    return await future
           ^^^^^^^^^^^^
  File "/opt/anaconda3/lib/python3.12/site-packages/anyio/_backends/_asyncio.py", line 967, in run
    result = context.run(func, *args)
             ^^^^^^^^^^^^^^^^^^^^^^^^
  File "/opt/anaconda3/lib/python3.12/site-packages/chromadb/server/fastapi/__init__.py", line 772, in process_create_collection
    else CollectionConfigurationInternal.from_json(create.configuration)
         ^^^^^^^^^^^^^^^^^^^^^^^^^^^^^^^^^^^^^^^^^^^^^^^^^^^^^^^^^^^^^^^
  File "/opt/anaconda3/lib/python3.12/site-packages/chromadb/api/configuration.py", line 209, in from_json
    f"Trying to instantiate configuration of type {cls.__name__} from JSON with type {json_map['_type']}"
                                                                                      ~~~~~~~~^^^^^^^^^
KeyError: '_type'
[32mINFO[0m:     [12-03-2026 19:00:36] ::1:65453 - "POST /api/v2/tenants/default_tenant/databases/default_database/collections HTTP/1.1" 500
[31mERROR[0m:    [12-03-2026 19:01:13] '_type'
Traceback (most recent call last):
  File "/opt/anaconda3/lib/python3.12/site-packages/starlette/middleware/base.py", line 148, in call_next
    message = await recv_stream.receive()
              ^^^^^^^^^^^^^^^^^^^^^^^^^^^
  File "/opt/anaconda3/lib/python3.12/site-packages/anyio/streams/memory.py", line 126, in receive
    raise EndOfStream from None
anyio.EndOfStream

During handling of the above exception, another exception occurred:

Traceback (most recent call last):
  File "/opt/anaconda3/lib/python3.12/site-packages/chromadb/server/fastapi/__init__.py", line 120, in catch_exceptions_middleware
    return await call_next(request)
           ^^^^^^^^^^^^^^^^^^^^^^^^
  File "/opt/anaconda3/lib/python3.12/site-packages/starlette/middleware/base.py", line 154, in call_next
    raise app_exc
  File "/opt/anaconda3/lib/python3.12/site-packages/starlette/middleware/base.py", line 141, in coro
    await self.app(scope, receive_or_disconnect, send_no_error)
  File "/opt/anaconda3/lib/python3.12/site-packages/starlette/middleware/base.py", line 177, in __call__
    with recv_stream, send_stream, collapse_excgroups():
                                   ^^^^^^^^^^^^^^^^^^^^
  File "/opt/anaconda3/lib/python3.12/contextlib.py", line 158, in __exit__
    self.gen.throw(value)
  File "/opt/anaconda3/lib/python3.12/site-packages/starlette/_utils.py", line 82, in collapse_excgroups
    raise exc
  File "/opt/anaconda3/lib/python3.12/site-packages/starlette/middleware/base.py", line 179, in __call__
    response = await self.dispatch_func(request, call_next)
               ^^^^^^^^^^^^^^^^^^^^^^^^^^^^^^^^^^^^^^^^^^^^
  File "/opt/anaconda3/lib/python3.12/site-packages/chromadb/server/fastapi/__init__.py", line 144, in check_http_version_middleware
    return await call_next(request)
           ^^^^^^^^^^^^^^^^^^^^^^^^
  File "/opt/anaconda3/lib/python3.12/site-packages/starlette/middleware/base.py", line 154, in call_next
    raise app_exc
  File "/opt/anaconda3/lib/python3.12/site-packages/starlette/middleware/base.py", line 141, in coro
    await self.app(scope, receive_or_disconnect, send_no_error)
  File "/opt/anaconda3/lib/python3.12/site-packages/starlette/middleware/exceptions.py", line 62, in __call__
    await wrap_app_handling_exceptions(self.app, conn)(scope, receive, send)
  File "/opt/anaconda3/lib/python3.12/site-packages/starlette/_exception_handler.py", line 53, in wrapped_app
    raise exc
  File "/opt/anaconda3/lib/python3.12/site-packages/starlette/_exception_handler.py", line 42, in wrapped_app
    await app(scope, receive, sender)
  File "/opt/anaconda3/lib/python3.12/site-packages/starlette/routing.py", line 715, in __call__
    await self.middleware_stack(scope, receive, send)
  File "/opt/anaconda3/lib/python3.12/site-packages/starlette/routing.py", line 735, in app
    await route.handle(scope, receive, send)
  File "/opt/anaconda3/lib/python3.12/site-packages/starlette/routing.py", line 288, in handle
    await self.app(scope, receive, send)
  File "/opt/anaconda3/lib/python3.12/site-packages/starlette/routing.py", line 76, in app
    await wrap_app_handling_exceptions(app, request)(scope, receive, send)
  File "/opt/anaconda3/lib/python3.12/site-packages/starlette/_exception_handler.py", line 53, in wrapped_app
    raise exc
  File "/opt/anaconda3/lib/python3.12/site-packages/starlette/_exception_handler.py", line 42, in wrapped_app
    await app(scope, receive, sender)
  File "/opt/anaconda3/lib/python3.12/site-packages/starlette/routing.py", line 73, in app
    response = await f(request)
               ^^^^^^^^^^^^^^^^
  File "/opt/anaconda3/lib/python3.12/site-packages/fastapi/routing.py", line 301, in app
    raw_response = await run_endpoint_function(
                   ^^^^^^^^^^^^^^^^^^^^^^^^^^^^
  File "/opt/anaconda3/lib/python3.12/site-packages/fastapi/routing.py", line 212, in run_endpoint_function
    return await dependant.call(**values)
           ^^^^^^^^^^^^^^^^^^^^^^^^^^^^^^
  File "/opt/anaconda3/lib/python3.12/site-packages/chromadb/telemetry/opentelemetry/__init__.py", line 134, in async_wrapper
    return await f(*args, **kwargs)
           ^^^^^^^^^^^^^^^^^^^^^^^^
  File "/opt/anaconda3/lib/python3.12/site-packages/chromadb/server/fastapi/__init__.py", line 798, in create_collection
    await to_thread.run_sync(
  File "/opt/anaconda3/lib/python3.12/site-packages/anyio/to_thread.py", line 56, in run_sync
    return await get_async_backend().run_sync_in_worker_thread(
           ^^^^^^^^^^^^^^^^^^^^^^^^^^^^^^^^^^^^^^^^^^^^^^^^^^^^
  File "/opt/anaconda3/lib/python3.12/site-packages/anyio/_backends/_asyncio.py", line 2470, in run_sync_in_worker_thread
    return await future
           ^^^^^^^^^^^^
  File "/opt/anaconda3/lib/python3.12/site-packages/anyio/_backends/_asyncio.py", line 967, in run
    result = context.run(func, *args)
             ^^^^^^^^^^^^^^^^^^^^^^^^
  File "/opt/anaconda3/lib/python3.12/site-packages/chromadb/server/fastapi/__init__.py", line 772, in process_create_collection
    else CollectionConfigurationInternal.from_json(create.configuration)
         ^^^^^^^^^^^^^^^^^^^^^^^^^^^^^^^^^^^^^^^^^^^^^^^^^^^^^^^^^^^^^^^
  File "/opt/anaconda3/lib/python3.12/site-packages/chromadb/api/configuration.py", line 209, in from_json
    f"Trying to instantiate configuration of type {cls.__name__} from JSON with type {json_map['_type']}"
                                                                                      ~~~~~~~~^^^^^^^^^
KeyError: '_type'
[32mINFO[0m:     [12-03-2026 19:01:13] ::1:49349 - "POST /api/v2/tenants/default_tenant/databases/default_database/collections HTTP/1.1" 500
[32mINFO[0m:     [12-03-2026 19:01:57] ::1:49691 - "POST /api/v2/tenants/default_tenant/databases/default_database/collections HTTP/1.1" 200
[32mINFO[0m:     [12-03-2026 19:01:57] ::1:49692 - "GET /api/v2/pre-flight-checks HTTP/1.1" 200
[36mDEBUG[0m:    [12-03-2026 19:01:57] Starting component PersistentLocalHnswSegment
[32mINFO[0m:     [12-03-2026 19:01:57] ::1:49691 - "POST /api/v2/tenants/default_tenant/databases/default_database/collections/fb2501bd-afe9-4753-9899-d5252d8988dc/add HTTP/1.1" 201
[36mDEBUG[0m:    [12-03-2026 19:26:48] Collection rag_documents already exists, returning existing collection.
[32mINFO[0m:     [12-03-2026 19:26:48] ::1:60366 - "POST /api/v2/tenants/default_tenant/databases/default_database/collections HTTP/1.1" 200
[32mINFO[0m:     [12-03-2026 19:26:48] ::1:60367 - "POST /api/v2/tenants/default_tenant/databases/default_database/collections/fb2501bd-afe9-4753-9899-d5252d8988dc/add HTTP/1.1" 201
[36mDEBUG[0m:    [12-03-2026 19:27:45] Collection rag_documents already exists, returning existing collection.
[32mINFO[0m:     [12-03-2026 19:27:45] ::1:60782 - "POST /api/v2/tenants/default_tenant/databases/default_database/collections HTTP/1.1" 200
[32mINFO[0m:     [12-03-2026 19:27:45] ::1:60783 - "POST /api/v2/tenants/default_tenant/databases/default_database/collections/fb2501bd-afe9-4753-9899-d5252d8988dc/query HTTP/1.1" 200
[36mDEBUG[0m:    [12-03-2026 19:28:02] Collection rag_documents already exists, returning existing collection.
[32mINFO[0m:     [12-03-2026 19:28:02] ::1:60905 - "POST /api/v2/tenants/default_tenant/databases/default_database/collections HTTP/1.1" 200
[32mINFO[0m:     [12-03-2026 19:28:02] ::1:60906 - "POST /api/v2/tenants/default_tenant/databases/default_database/collections/fb2501bd-afe9-4753-9899-d5252d8988dc/query HTTP/1.1" 200
